<?xml version="1.0" encoding="UTF-8"?>
<!-- Generated by org.testng.reporters.JUnitReportReporter -->
<testsuite hostname="DESKTOP-6KOFRV4" failures="0" tests="2" name="Academy.homePage" time="0.119" errors="0" timestamp="2022-02-28T19:13:33 IST" skipped="0">
  <testcase classname="Academy.homePage" name="testvideoBanner" time="0.053"/>
  <system-out/>
  <testcase classname="Academy.homePage" name="testingLandingpage" time="0.066"/>
  <system-out/>
</testsuite> <!-- Academy.homePage -->
