<?xml version="1.0" encoding="UTF-8"?>
<!-- Generated by org.testng.reporters.JUnitReportReporter -->
<testsuite hostname="DESKTOP-6KOFRV4" failures="0" tests="1" name="Academy.homePage2" time="0.151" errors="0" timestamp="2022-02-28T19:13:33 IST" skipped="0">
  <testcase classname="Academy.homePage2" name="testingNevigationBar" time="0.151"/>
  <system-out/>
</testsuite> <!-- Academy.homePage2 -->
