<?xml version="1.0" encoding="UTF-8"?>
<!-- Generated by org.testng.reporters.JUnitReportReporter -->
<testsuite skipped="0" hostname="PUNECPU270" name="firsttestngpackage.testng1" tests="1" failures="0" timestamp="2019-12-18T10:40:23 IST" time="0.070" errors="0">
  <testcase name="verifyHomepageTitle" time="0.070" classname="firsttestngpackage.testng1"/>
</testsuite> <!-- firsttestngpackage.testng1 -->
