<?xml version="1.0" encoding="UTF-8"?>
<!-- Generated by org.testng.reporters.JUnitReportReporter -->
<testsuite hostname="ShashankLapi" failures="0" tests="3" name="Test.TestGuru99MultipleSession" time="30.558" errors="0" timestamp="2021-01-16T22:36:21 IST" skipped="0">
  <testcase classname="Test.TestGuru99MultipleSession" name="executSessionOne" time="9.353"/>
  <system-out/>
  <testcase classname="Test.TestGuru99MultipleSession" name="executSessionThree" time="12.918"/>
  <system-out/>
  <testcase classname="Test.TestGuru99MultipleSession" name="executeSessionTwo" time="8.287"/>
  <system-out/>
</testsuite> <!-- Test.TestGuru99MultipleSession -->
