<?xml version="1.0" encoding="UTF-8"?>
<!-- Generated by org.testng.reporters.JUnitReportReporter -->
<testsuite skipped="0" hostname="PUNECPU270" name="com.group.guru99.TC_Class1.TestGuru99MultipleSession" tests="3" failures="0" timestamp="2019-12-18T13:46:17 IST" time="53.621" errors="0">
  <testcase name="executSessionOne" time="17.753" classname="com.group.guru99.TC_Class1.TestGuru99MultipleSession"/>
  <testcase name="executSessionThree" time="16.171" classname="com.group.guru99.TC_Class1.TestGuru99MultipleSession"/>
  <testcase name="executeSessionTwo" time="19.697" classname="com.group.guru99.TC_Class1.TestGuru99MultipleSession"/>
</testsuite> <!-- com.group.guru99.TC_Class1.TestGuru99MultipleSession -->
