<?xml version="1.0" encoding="UTF-8"?>
<!-- Generated by org.testng.reporters.JUnitReportReporter -->
<testsuite skipped="0" hostname="PUNECPU270" name="com.group.guru99.TC_Class1" tests="5" failures="0" timestamp="2019-12-18T12:38:26 IST" time="11.193" errors="0">
  <testcase name="tc01LaunchURL" time="7.901" classname="com.group.guru99.TC_Class1"/>
  <testcase name="tc04VerifyLoggedInPage" time="0.058" classname="com.group.guru99.TC_Class1"/>
  <testcase name="tc05VerifyHyperlinks" time="0.046" classname="com.group.guru99.TC_Class1"/>
  <testcase name="tc03EnterCredentials" time="3.093" classname="com.group.guru99.TC_Class1"/>
  <testcase name="tc02VerifyLaunchPage" time="0.095" classname="com.group.guru99.TC_Class1"/>
</testsuite> <!-- com.group.guru99.TC_Class1 -->
