<?xml version="1.0" encoding="UTF-8"?>
<!-- Generated by org.testng.reporters.JUnitReportReporter -->
<testsuite hostname="DESKTOP-6KOFRV4" failures="0" tests="41" name="WebApp.BillGenrator.WebPaystubForm" time="2.544" errors="1" timestamp="2023-02-14T16:26:46 IST" skipped="40">
  <testcase classname="WebApp.BillGenrator.WebPaystubForm" name="beforeeverymethodinsameclass" time="2.543">
    <error message="Could not start a new session. Response code 500. Message: Expected browser binary location, but unable to find binary in default location, no &#039;moz:firefoxOptions.binary&#039; capability provided, and no binary flag set on the command line
Build info: version: &#039;4.4.0&#039;, revision: &#039;e5c75ed026a&#039;
System info: host: &#039;DESKTOP-6KOFRV4&#039;, ip: &#039;192.168.1.14&#039;, os.name: &#039;Windows 10&#039;, os.arch: &#039;amd64&#039;, os.version: &#039;10.0&#039;, java.version: &#039;11.0.13&#039;
Driver info: org.openqa.selenium.firefox.FirefoxDriver
Command: [null, newSession {capabilities=[Capabilities {acceptInsecureCerts: true, browserName: firefox, moz:debuggerAddress: true, moz:firefoxOptions: {}}], desiredCapabilities=Capabilities {acceptInsecureCerts: true, browserName: firefox, moz:debuggerAddress: true, moz:firefoxOptions: {}}}]" type="org.openqa.selenium.SessionNotCreatedException">
      <![CDATA[org.openqa.selenium.SessionNotCreatedException: Could not start a new session. Response code 500. Message: Expected browser binary location, but unable to find binary in default location, no 'moz:firefoxOptions.binary' capability provided, and no binary flag set on the command line
Build info: version: '4.4.0', revision: 'e5c75ed026a'
System info: host: 'DESKTOP-6KOFRV4', ip: '192.168.1.14', os.name: 'Windows 10', os.arch: 'amd64', os.version: '10.0', java.version: '11.0.13'
Driver info: org.openqa.selenium.firefox.FirefoxDriver
Command: [null, newSession {capabilities=[Capabilities {acceptInsecureCerts: true, browserName: firefox, moz:debuggerAddress: true, moz:firefoxOptions: {}}], desiredCapabilities=Capabilities {acceptInsecureCerts: true, browserName: firefox, moz:debuggerAddress: true, moz:firefoxOptions: {}}}]
at org.openqa.selenium.remote.ProtocolHandshake.createSession(ProtocolHandshake.java:144)
at org.openqa.selenium.remote.ProtocolHandshake.createSession(ProtocolHandshake.java:102)
at org.openqa.selenium.remote.ProtocolHandshake.createSession(ProtocolHandshake.java:67)
at org.openqa.selenium.remote.HttpCommandExecutor.execute(HttpCommandExecutor.java:156)
at org.openqa.selenium.remote.service.DriverCommandExecutor.invokeExecute(DriverCommandExecutor.java:167)
at org.openqa.selenium.remote.service.DriverCommandExecutor.execute(DriverCommandExecutor.java:142)
at org.openqa.selenium.remote.RemoteWebDriver.execute(RemoteWebDriver.java:547)
at org.openqa.selenium.remote.RemoteWebDriver.startSession(RemoteWebDriver.java:242)
at org.openqa.selenium.remote.RemoteWebDriver.<init>(RemoteWebDriver.java:157)
at org.openqa.selenium.firefox.FirefoxDriver.<init>(FirefoxDriver.java:110)
at org.openqa.selenium.firefox.FirefoxDriver.<init>(FirefoxDriver.java:98)
at org.openqa.selenium.firefox.FirefoxDriver.<init>(FirefoxDriver.java:94)
at base.BaseClass.configureBrowser(BaseClass.java:243)
at WebApp.BillGenrator.WebPaystubForm.beforeeverymethodinsameclass(WebPaystubForm.java:27)
at java.base/jdk.internal.reflect.NativeMethodAccessorImpl.invoke0(Native Method)
at java.base/jdk.internal.reflect.NativeMethodAccessorImpl.invoke(NativeMethodAccessorImpl.java:62)
at java.base/jdk.internal.reflect.DelegatingMethodAccessorImpl.invoke(DelegatingMethodAccessorImpl.java:43)
at java.base/java.lang.reflect.Method.invoke(Method.java:566)
at org.testng.internal.invokers.MethodInvocationHelper.invokeMethod(MethodInvocationHelper.java:139)
at org.testng.internal.invokers.MethodInvocationHelper.invokeMethodConsideringTimeout(MethodInvocationHelper.java:69)
at org.testng.internal.invokers.ConfigInvoker.invokeConfigurationMethod(ConfigInvoker.java:361)
at org.testng.internal.invokers.ConfigInvoker.invokeConfigurations(ConfigInvoker.java:296)
at org.testng.internal.invokers.TestMethodWorker.invokeBeforeClassMethods(TestMethodWorker.java:180)
at org.testng.internal.invokers.TestMethodWorker.run(TestMethodWorker.java:122)
at java.base/java.util.ArrayList.forEach(ArrayList.java:1541)
at org.testng.TestRunner.privateRun(TestRunner.java:806)
at org.testng.TestRunner.run(TestRunner.java:601)
at org.testng.SuiteRunner.runTest(SuiteRunner.java:433)
at org.testng.SuiteRunner.runSequentially(SuiteRunner.java:427)
at org.testng.SuiteRunner.privateRun(SuiteRunner.java:387)
at org.testng.SuiteRunner.run(SuiteRunner.java:330)
at org.testng.SuiteRunnerWorker.runSuite(SuiteRunnerWorker.java:52)
at org.testng.SuiteRunnerWorker.run(SuiteRunnerWorker.java:95)
at org.testng.TestNG.runSuitesSequentially(TestNG.java:1256)
at org.testng.TestNG.runSuitesLocally(TestNG.java:1176)
at org.testng.TestNG.runSuites(TestNG.java:1099)
at org.testng.TestNG.run(TestNG.java:1067)
at org.apache.maven.surefire.testng.TestNGExecutor.run(TestNGExecutor.java:324)
at org.apache.maven.surefire.testng.TestNGXmlTestSuite.execute(TestNGXmlTestSuite.java:74)
at org.apache.maven.surefire.testng.TestNGProvider.invoke(TestNGProvider.java:123)
at org.apache.maven.surefire.booter.ForkedBooter.runSuitesInProcess(ForkedBooter.java:456)
at org.apache.maven.surefire.booter.ForkedBooter.execute(ForkedBooter.java:169)
at org.apache.maven.surefire.booter.ForkedBooter.run(ForkedBooter.java:595)
at org.apache.maven.surefire.booter.ForkedBooter.main(ForkedBooter.java:581)
]]>
    </error>
  </testcase> <!-- beforeeverymethodinsameclass -->
  <system-out/>
  <testcase classname="WebApp.BillGenrator.WebPaystubForm" name="enterAllInputs" time="0.000">
    <skipped/>
  </testcase> <!-- enterAllInputs -->
  <system-out/>
  <testcase classname="WebApp.BillGenrator.WebPaystubForm" name="verifyFICAMedicareWithGrossPayYTDTotalLessThan200000" time="0.000">
    <skipped/>
  </testcase> <!-- verifyFICAMedicareWithGrossPayYTDTotalLessThan200000 -->
  <system-out/>
  <testcase classname="WebApp.BillGenrator.WebPaystubForm" name="verifyFICAMedicareWithGrossPayYTDTotalGreaterThan200000" time="0.000">
    <skipped/>
  </testcase> <!-- verifyFICAMedicareWithGrossPayYTDTotalGreaterThan200000 -->
  <system-out/>
  <testcase classname="WebApp.BillGenrator.WebPaystubForm" name="verifyFICASocialSecurityCalculations" time="0.000">
    <skipped/>
  </testcase> <!-- verifyFICASocialSecurityCalculations -->
  <system-out/>
  <testcase classname="WebApp.BillGenrator.WebPaystubForm" name="verifyFicaSocialSecurityCalculations" time="0.000">
    <skipped/>
  </testcase> <!-- verifyFicaSocialSecurityCalculations -->
  <system-out/>
  <testcase classname="WebApp.BillGenrator.WebPaystubForm" name="VerifyFederalTaxCalculationsonTemplate1" time="0.000">
    <skipped/>
  </testcase> <!-- VerifyFederalTaxCalculationsonTemplate1 -->
  <system-out/>
  <testcase classname="WebApp.BillGenrator.WebPaystubForm" name="VerifyFederalTaxCalculationsWithMarriedOnTemplate1" time="0.000">
    <skipped/>
  </testcase> <!-- VerifyFederalTaxCalculationsWithMarriedOnTemplate1 -->
  <system-out/>
  <testcase classname="WebApp.BillGenrator.WebPaystubForm" name="verifyFederalTaxWithAllExemptions" time="0.000">
    <skipped/>
  </testcase> <!-- verifyFederalTaxWithAllExemptions -->
  <system-out/>
  <testcase classname="WebApp.BillGenrator.WebPaystubForm" name="VerifyStateTaxCalculationsWithAllStatesOnTemplate1" time="0.000">
    <skipped/>
  </testcase> <!-- VerifyStateTaxCalculationsWithAllStatesOnTemplate1 -->
  <system-out/>
  <testcase classname="WebApp.BillGenrator.WebPaystubForm" name="VerifyStateTaxCalculationsWithAllStatesWithSingleOnTemplate1" time="0.000">
    <skipped/>
  </testcase> <!-- VerifyStateTaxCalculationsWithAllStatesWithSingleOnTemplate1 -->
  <system-out/>
  <testcase classname="WebApp.BillGenrator.WebPaystubForm" name="VerifyStateTaxCalculationsWithAllStatesWithSingle2OnTemplate1" time="0.000">
    <skipped/>
  </testcase> <!-- VerifyStateTaxCalculationsWithAllStatesWithSingle2OnTemplate1 -->
  <system-out/>
  <testcase classname="WebApp.BillGenrator.WebPaystubForm" name="VerifyStateTaxCalculationsWithAllStatesWithMarriedOnTemplate1" time="0.000">
    <skipped/>
  </testcase> <!-- VerifyStateTaxCalculationsWithAllStatesWithMarriedOnTemplate1 -->
  <system-out/>
  <testcase classname="WebApp.BillGenrator.WebPaystubForm" name="VerifySDITaxCalculationsonTemplate1" time="0.000">
    <skipped/>
  </testcase> <!-- VerifySDITaxCalculationsonTemplate1 -->
  <system-out/>
  <testcase classname="WebApp.BillGenrator.WebPaystubForm" name="VerifySDITaxCalculationsonTemplate1" time="0.000">
    <skipped/>
  </testcase> <!-- VerifySDITaxCalculationsonTemplate1 -->
  <system-out/>
  <testcase classname="WebApp.BillGenrator.WebPaystubForm" name="VerifySDITaxCalculationsonTemplate1" time="0.000">
    <skipped/>
  </testcase> <!-- VerifySDITaxCalculationsonTemplate1 -->
  <system-out/>
  <testcase classname="WebApp.BillGenrator.WebPaystubForm" name="VerifySDITaxCalculationsonTemplate1" time="0.000">
    <skipped/>
  </testcase> <!-- VerifySDITaxCalculationsonTemplate1 -->
  <system-out/>
  <testcase classname="WebApp.BillGenrator.WebPaystubForm" name="VerifySDITaxCalculationsonTemplate1" time="0.000">
    <skipped/>
  </testcase> <!-- VerifySDITaxCalculationsonTemplate1 -->
  <system-out/>
  <testcase classname="WebApp.BillGenrator.WebPaystubForm" name="Verify_SUI_Tax_Calculations_on_Template1_with_State" time="0.000">
    <skipped/>
  </testcase> <!-- Verify_SUI_Tax_Calculations_on_Template1_with_State -->
  <system-out/>
  <testcase classname="WebApp.BillGenrator.WebPaystubForm" name="Verify_SUI_Tax_Calculations_on_Template1_with_State" time="0.000">
    <skipped/>
  </testcase> <!-- Verify_SUI_Tax_Calculations_on_Template1_with_State -->
  <system-out/>
  <testcase classname="WebApp.BillGenrator.WebPaystubForm" name="Verify_SUI_Tax_Calculations_on_Template1_with_State" time="0.000">
    <skipped/>
  </testcase> <!-- Verify_SUI_Tax_Calculations_on_Template1_with_State -->
  <system-out/>
  <testcase classname="WebApp.BillGenrator.WebPaystubForm" name="Verify_WC_Tax_Calculations_on_Template1_with_State" time="0.000">
    <skipped/>
  </testcase> <!-- Verify_WC_Tax_Calculations_on_Template1_with_State -->
  <system-out/>
  <testcase classname="WebApp.BillGenrator.WebPaystubForm" name="Verify_FLIFLV_Tax_Calculations_on_Template1_with_State" time="0.001">
    <skipped/>
  </testcase> <!-- Verify_FLIFLV_Tax_Calculations_on_Template1_with_State -->
  <system-out/>
  <testcase classname="WebApp.BillGenrator.WebPaystubForm" name="calculateWorkforceDevelopment" time="0.000">
    <skipped/>
  </testcase> <!-- calculateWorkforceDevelopment -->
  <system-out/>
  <testcase classname="WebApp.BillGenrator.WebPaystubForm" name="calculateWorkforceDevelopment2" time="0.000">
    <skipped/>
  </testcase> <!-- calculateWorkforceDevelopment2 -->
  <system-out/>
  <testcase classname="WebApp.BillGenrator.WebPaystubForm" name="calculateWorkforceDevelopment3" time="0.000">
    <skipped/>
  </testcase> <!-- calculateWorkforceDevelopment3 -->
  <system-out/>
  <testcase classname="WebApp.BillGenrator.WebPaystubForm" name="calculateTotalEarnings" time="0.000">
    <skipped/>
  </testcase> <!-- calculateTotalEarnings -->
  <system-out/>
  <testcase classname="WebApp.BillGenrator.WebPaystubForm" name="verifyContractorTax" time="0.000">
    <skipped/>
  </testcase> <!-- verifyContractorTax -->
  <system-out/>
  <testcase classname="WebApp.BillGenrator.WebPaystubForm" name="verifyPaystubsValues" time="0.000">
    <skipped/>
  </testcase> <!-- verifyPaystubsValues -->
  <system-out/>
  <testcase classname="WebApp.BillGenrator.WebPaystubForm" name="verifySalaryTotalValueMonthly" time="0.000">
    <skipped/>
  </testcase> <!-- verifySalaryTotalValueMonthly -->
  <system-out/>
  <testcase classname="WebApp.BillGenrator.WebPaystubForm" name="verifySalaryTotalValueDaily" time="0.000">
    <skipped/>
  </testcase> <!-- verifySalaryTotalValueDaily -->
  <system-out/>
  <testcase classname="WebApp.BillGenrator.WebPaystubForm" name="verifySalaryTotalValueWeekly" time="0.000">
    <skipped/>
  </testcase> <!-- verifySalaryTotalValueWeekly -->
  <system-out/>
  <testcase classname="WebApp.BillGenrator.WebPaystubForm" name="verifySalaryTotalValueBiWeekly" time="0.000">
    <skipped/>
  </testcase> <!-- verifySalaryTotalValueBiWeekly -->
  <system-out/>
  <testcase classname="WebApp.BillGenrator.WebPaystubForm" name="verifySalaryTotalValueSemiMonthly" time="0.000">
    <skipped/>
  </testcase> <!-- verifySalaryTotalValueSemiMonthly -->
  <system-out/>
  <testcase classname="WebApp.BillGenrator.WebPaystubForm" name="verifySalaryTotalValueQuarterly" time="0.000">
    <skipped/>
  </testcase> <!-- verifySalaryTotalValueQuarterly -->
  <system-out/>
  <testcase classname="WebApp.BillGenrator.WebPaystubForm" name="verifySalaryTotalValueSemiAnnually" time="0.000">
    <skipped/>
  </testcase> <!-- verifySalaryTotalValueSemiAnnually -->
  <system-out/>
  <testcase classname="WebApp.BillGenrator.WebPaystubForm" name="verifySalaryTotalValueAnnually" time="0.000">
    <skipped/>
  </testcase> <!-- verifySalaryTotalValueAnnually -->
  <system-out/>
  <testcase classname="WebApp.BillGenrator.WebPaystubForm" name="verifyGrossPayTotalInPreviousYTDCalculations" time="0.000">
    <skipped/>
  </testcase> <!-- verifyGrossPayTotalInPreviousYTDCalculations -->
  <system-out/>
  <testcase classname="WebApp.BillGenrator.WebPaystubForm" name="verifyPaystubCalculationsOnenteringPreviousYTDCalculations" time="0.000">
    <skipped/>
  </testcase> <!-- verifyPaystubCalculationsOnenteringPreviousYTDCalculations -->
  <system-out/>
  <testcase classname="WebApp.BillGenrator.WebPaystubForm" name="verifyPaystubTotalDeductions" time="0.000">
    <skipped/>
  </testcase> <!-- verifyPaystubTotalDeductions -->
  <system-out/>
  <testcase classname="WebApp.BillGenrator.WebPaystubForm" name="getexcelData">
    <skipped/>
  </testcase> <!-- getexcelData -->
  <system-out/>
</testsuite> <!-- WebApp.BillGenrator.WebPaystubForm -->
