<?xml version="1.0" encoding="UTF-8"?>
<!-- Generated by org.testng.reporters.JUnitReportReporter -->
<testsuite hostname="ShashankLapi" failures="0" tests="1" name="Test.GetAccInfo" time="2.058" errors="0" timestamp="2021-04-25T14:22:19 IST" skipped="0">
  <testcase classname="Test.GetAccInfo" name="GetAllAccInfo" time="2.058"/>
  <system-out/>
</testsuite> <!-- Test.GetAccInfo -->
