<?xml version="1.0" encoding="UTF-8"?>
<!-- Generated by org.testng.reporters.JUnitReportReporter -->
<testsuite hostname="DESKTOP-UT7SPS9" failures="0" tests="3" name="Test.Add_New_Model_And_confirm" time="6.960" errors="0" timestamp="2021-09-12T19:01:23 IST" skipped="0">
  <testcase classname="Test.Add_New_Model_And_confirm" name="GoToProductAddedReviewPageAndConfirmUUIDAdded" time="0.040"/>
  <system-out/>
  <testcase classname="Test.Add_New_Model_And_confirm" name="VerifyProductAddedInTable" time="2.869"/>
  <system-out/>
  <testcase classname="Test.Add_New_Model_And_confirm" name="SaveProductAndPrintSuccessMessage" time="4.051"/>
  <system-out/>
</testsuite> <!-- Test.Add_New_Model_And_confirm -->
