<?xml version="1.0" encoding="UTF-8"?>
<!-- Generated by org.testng.reporters.JUnitReportReporter -->
<testsuite hostname="DESKTOP-UT7SPS9" failures="0" tests="2" name="ForPractice.MavenPractice.AppiumTest" time="0.016" errors="0" timestamp="2021-09-10T22:35:38 IST" skipped="0">
  <testcase classname="ForPractice.MavenPractice.AppiumTest" name="Appium1" time="0.012"/>
  <system-out/>
  <testcase classname="ForPractice.MavenPractice.AppiumTest" name="Appium2" time="0.004"/>
  <system-out/>
</testsuite> <!-- ForPractice.MavenPractice.AppiumTest -->
