<?xml version="1.0" encoding="UTF-8"?>
<!-- Generated by org.testng.reporters.JUnitReportReporter -->
<testsuite hostname="DESKTOP-UT7SPS9" failures="0" tests="2" name="ForPractice.MavenPractice.seleniumTest" time="0.001" errors="0" timestamp="2021-09-10T22:34:52 IST" skipped="0">
  <testcase classname="ForPractice.MavenPractice.seleniumTest" name="selenium2" time="0.001"/>
  <system-out/>
  <testcase classname="ForPractice.MavenPractice.seleniumTest" name="selenium1" time="0.000"/>
  <system-out/>
</testsuite> <!-- ForPractice.MavenPractice.seleniumTest -->
