<?xml version="1.0" encoding="UTF-8"?>
<!-- Generated by org.testng.reporters.JUnitReportReporter -->
<testsuite hostname="DESKTOP-6KOFRV4" failures="0" tests="1" name="LoanQuoTest.LoanQuo.LoginPageTest" time="3.186" errors="0" timestamp="2022-03-30T19:24:56 IST" skipped="0">
  <testcase classname="LoanQuoTest.LoanQuo.LoginPageTest" name="Verify_Login_With_Valid_Inputs" time="3.186"/>
  <system-out/>
</testsuite> <!-- LoanQuoTest.LoanQuo.LoginPageTest -->
