<?xml version="1.0" encoding="UTF-8"?>
<!-- Generated by org.testng.reporters.JUnitReportReporter -->
<testsuite hostname="DESKTOP-UT7SPS9" failures="0" tests="2" name="ForPractice.ExtentReport.ExtentReport" time="4.298" errors="0" timestamp="2021-09-22T15:29:28 IST" skipped="0">
  <testcase classname="ForPractice.ExtentReport.ExtentReport" name="testsample" time="0.020"/>
  <system-out/>
  <testcase classname="ForPractice.ExtentReport.ExtentReport" name="testngtest" time="4.278"/>
  <system-out/>
</testsuite> <!-- ForPractice.ExtentReport.ExtentReport -->
