<?xml version="1.0" encoding="UTF-8"?>
<!-- Generated by org.testng.reporters.JUnitReportReporter -->
<testsuite hostname="DESKTOP-4HUIH2F" failures="0" tests="13" name="WebApp.BillGenrator.BillGen2022" time="79.795" errors="0" timestamp="2023-04-18T22:57:49 IST" skipped="3">
  <testcase classname="WebApp.BillGenrator.BillGen2022" name="verifyLoginFunctionalityWithInvalidCred" time="7.885"/>
  <system-out/>
  <testcase classname="WebApp.BillGenrator.BillGen2022" name="verifyLoginFunctionalityWithInvalidCred" time="8.016"/>
  <system-out/>
  <testcase classname="WebApp.BillGenrator.BillGen2022" name="verifyLoginFunctionalityWithInvalidCred" time="8.190"/>
  <system-out/>
  <testcase classname="WebApp.BillGenrator.BillGen2022" name="verifyLoginFunctionalityWithInvalidCred" time="8.130"/>
  <system-out/>
  <testcase classname="WebApp.BillGenrator.BillGen2022" name="verifyLoginFunctionalityWithInvalidCred" time="7.431"/>
  <system-out/>
  <testcase classname="WebApp.BillGenrator.BillGen2022" name="verifyLoginFunctionalityWithInvalidCred" time="8.416"/>
  <system-out/>
  <testcase classname="WebApp.BillGenrator.BillGen2022" name="verifyLoginFunctionalityWithInvalidCred" time="7.624"/>
  <system-out/>
  <testcase classname="WebApp.BillGenrator.BillGen2022" name="verifyLoginFunctionalityWithInvalidCred" time="8.495"/>
  <system-out/>
  <testcase classname="WebApp.BillGenrator.BillGen2022" name="verifyLoginFunctionalityWithInvalidCred" time="7.920"/>
  <system-out/>
  <testcase classname="WebApp.BillGenrator.BillGen2022" name="verifyLoginFunctionalityWithInvalidCred" time="7.688"/>
  <system-out/>
  <testcase classname="WebApp.BillGenrator.BillGen2022" name="verifyPayPeriodDurationInSemiMonthly">
    <skipped/>
  </testcase> <!-- verifyPayPeriodDurationInSemiMonthly -->
  <system-out/>
  <testcase classname="WebApp.BillGenrator.BillGen2022" name="getexcelData">
    <skipped/>
  </testcase> <!-- getexcelData -->
  <system-out/>
  <testcase classname="WebApp.BillGenrator.BillGen2022" name="verifySalaryTotalValueSemiMonthly">
    <skipped/>
  </testcase> <!-- verifySalaryTotalValueSemiMonthly -->
  <system-out/>
</testsuite> <!-- WebApp.BillGenrator.BillGen2022 -->
