<?xml version="1.0" encoding="UTF-8"?>
<!-- Generated by org.testng.reporters.JUnitReportReporter -->
<testsuite hostname="DESKTOP-6KOFRV4" failures="0" tests="3" name="Cucumber.TestNGRunner" time="0.087" errors="0" timestamp="2023-03-08T11:53:19 IST" skipped="0">
  <testcase classname="Cucumber.TestNGRunner" name="runScenario" time="0.009"/>
  <system-out/>
  <testcase classname="Cucumber.TestNGRunner" name="runScenario" time="0.006"/>
  <system-out/>
  <testcase classname="Cucumber.TestNGRunner" name="runScenario" time="0.072"/>
  <system-out/>
</testsuite> <!-- Cucumber.TestNGRunner -->
