<?xml version="1.0" encoding="UTF-8"?>
<!-- Generated by org.testng.reporters.JUnitReportReporter -->
<testsuite hostname="DESKTOP-UT7SPS9" failures="0" tests="1" name="Academy.homePage2Test" time="0.176" errors="0" timestamp="2021-09-20T15:04:20 IST" skipped="0">
  <testcase classname="Academy.homePage2Test" name="testingLandingpage" time="0.176"/>
  <system-out/>
</testsuite> <!-- Academy.homePage2Test -->
