<?xml version="1.0" encoding="UTF-8"?>
<!-- Generated by org.testng.reporters.JUnitReportReporter -->
<testsuite hostname="DESKTOP-UT7SPS9" failures="0" tests="1" name="Academy.homePageTest" time="0.053" errors="0" timestamp="2021-09-20T15:04:20 IST" skipped="0">
  <testcase classname="Academy.homePageTest" name="testingLandingpage" time="0.053"/>
  <system-out/>
</testsuite> <!-- Academy.homePageTest -->
