<?xml version="1.0" encoding="UTF-8"?>
<!-- Generated by org.testng.reporters.JUnitReportReporter -->
<testsuite hostname="DESKTOP-UT7SPS9" failures="0" tests="2" name="Academy.BaseTest" time="3.075" errors="0" timestamp="2022-01-13T12:51:50 IST" skipped="0">
  <testcase classname="Academy.BaseTest" name="testingLogindetails" time="1.619"/>
  <system-out/>
  <testcase classname="Academy.BaseTest" name="testingLogindetails" time="1.456"/>
  <system-out/>
</testsuite> <!-- Academy.BaseTest -->
