<?xml version="1.0" encoding="UTF-8"?>
<!-- Generated by org.testng.reporters.JUnitReportReporter -->
<testsuite hostname="DESKTOP-UT7SPS9" failures="0" tests="1" name="Academy.testBase" time="5.844" errors="0" timestamp="2021-09-18T23:31:45 IST" skipped="0">
  <testcase classname="Academy.testBase" name="testingbaseclass" time="5.844"/>
  <system-out/>
</testsuite> <!-- Academy.testBase -->
