<?xml version="1.0" encoding="UTF-8"?>
<!-- Generated by org.testng.reporters.JUnitReportReporter -->
<testsuite hostname="DESKTOP-UT7SPS9" failures="0" tests="1" name="Academy.homePage2" time="0.154" errors="0" timestamp="2022-01-13T12:51:50 IST" skipped="0">
  <testcase classname="Academy.homePage2" name="testingNevigationBar" time="0.154"/>
  <system-out/>
</testsuite> <!-- Academy.homePage2 -->
