<?xml version="1.0" encoding="UTF-8"?>
<!-- Generated by org.testng.reporters.JUnitReportReporter -->
<testsuite hostname="DESKTOP-UT7SPS9" failures="0" tests="2" name="Academy.homePage" time="0.087" errors="0" timestamp="2022-01-13T12:51:50 IST" skipped="0">
  <testcase classname="Academy.homePage" name="testvideoBanner" time="0.047"/>
  <system-out/>
  <testcase classname="Academy.homePage" name="testingLandingpage" time="0.040"/>
  <system-out/>
</testsuite> <!-- Academy.homePage -->
