<?xml version="1.0" encoding="UTF-8"?>
<!-- Generated by org.testng.reporters.JUnitReportReporter -->
<testsuite hostname="ShashankLapi" failures="0" tests="2" name="ForPractice.MavenPractice.RestAPITest" time="0.007" errors="0" timestamp="2021-07-03T23:39:49 IST" skipped="0">
  <testcase classname="ForPractice.MavenPractice.RestAPITest" name="RestAPITest2" time="0.002"/>
  <system-out/>
  <testcase classname="ForPractice.MavenPractice.RestAPITest" name="RestAPITest1" time="0.005"/>
  <system-out/>
</testsuite> <!-- ForPractice.MavenPractice.RestAPITest -->
