<?xml version="1.0" encoding="UTF-8"?>
<!-- Generated by org.testng.reporters.JUnitReportReporter -->
<testsuite hostname="DESKTOP-UT7SPS9" failures="0" tests="2" name="Package1.TestNG2" time="0.004" errors="0" timestamp="2021-09-07T13:19:08 IST" skipped="0">
  <testcase classname="Package1.TestNG2" name="test1" time="0.001"/>
  <system-out/>
  <testcase classname="Package1.TestNG2" name="test2" time="0.003"/>
  <system-out/>
</testsuite> <!-- Package1.TestNG2 -->
